Performing C SOURCE FILE Test CMAKE_HAVE_LIBC_PTHREAD failed with the following output:
Change Dir: /media/nvidia/ssdhome/nvidia/Github/DAVOS/library/DAVOS_SHM/CMakeFiles/CMakeTmp

Run Build Command(s):/usr/bin/make cmTC_85944/fast && /usr/bin/make -f CMakeFiles/cmTC_85944.dir/build.make CMakeFiles/cmTC_85944.dir/build
make[1]: Entering directory '/media/nvidia/ssdhome/nvidia/Github/DAVOS/library/DAVOS_SHM/CMakeFiles/CMakeTmp'
Building C object CMakeFiles/cmTC_85944.dir/src.c.o
/usr/bin/cc   -fPIC -DCMAKE_HAVE_LIBC_PTHREAD   -o CMakeFiles/cmTC_85944.dir/src.c.o   -c /media/nvidia/ssdhome/nvidia/Github/DAVOS/library/DAVOS_SHM/CMakeFiles/CMakeTmp/src.c
Linking C executable cmTC_85944
/usr/bin/cmake -E cmake_link_script CMakeFiles/cmTC_85944.dir/link.txt --verbose=1
/usr/bin/cc -fPIC -DCMAKE_HAVE_LIBC_PTHREAD    CMakeFiles/cmTC_85944.dir/src.c.o  -o cmTC_85944 
/usr/bin/ld: CMakeFiles/cmTC_85944.dir/src.c.o: in function `main':
src.c:(.text+0x48): undefined reference to `pthread_create'
/usr/bin/ld: src.c:(.text+0x50): undefined reference to `pthread_detach'
/usr/bin/ld: src.c:(.text+0x5c): undefined reference to `pthread_join'
collect2: error: ld returned 1 exit status
make[1]: *** [CMakeFiles/cmTC_85944.dir/build.make:87: cmTC_85944] Error 1
make[1]: Leaving directory '/media/nvidia/ssdhome/nvidia/Github/DAVOS/library/DAVOS_SHM/CMakeFiles/CMakeTmp'
make: *** [Makefile:121: cmTC_85944/fast] Error 2


Source file was:
#include <pthread.h>

void* test_func(void* data)
{
  return data;
}

int main(void)
{
  pthread_t thread;
  pthread_create(&thread, NULL, test_func, NULL);
  pthread_detach(thread);
  pthread_join(thread, NULL);
  pthread_atfork(NULL, NULL, NULL);
  pthread_exit(NULL);

  return 0;
}

Determining if the function pthread_create exists in the pthreads failed with the following output:
Change Dir: /media/nvidia/ssdhome/nvidia/Github/DAVOS/library/DAVOS_SHM/CMakeFiles/CMakeTmp

Run Build Command(s):/usr/bin/make cmTC_120d7/fast && /usr/bin/make -f CMakeFiles/cmTC_120d7.dir/build.make CMakeFiles/cmTC_120d7.dir/build
make[1]: Entering directory '/media/nvidia/ssdhome/nvidia/Github/DAVOS/library/DAVOS_SHM/CMakeFiles/CMakeTmp'
Building C object CMakeFiles/cmTC_120d7.dir/CheckFunctionExists.c.o
/usr/bin/cc   -fPIC -DCHECK_FUNCTION_EXISTS=pthread_create   -o CMakeFiles/cmTC_120d7.dir/CheckFunctionExists.c.o   -c /usr/share/cmake-3.16/Modules/CheckFunctionExists.c
Linking C executable cmTC_120d7
/usr/bin/cmake -E cmake_link_script CMakeFiles/cmTC_120d7.dir/link.txt --verbose=1
/usr/bin/cc -fPIC -DCHECK_FUNCTION_EXISTS=pthread_create    CMakeFiles/cmTC_120d7.dir/CheckFunctionExists.c.o  -o cmTC_120d7  -lpthreads 
/usr/bin/ld: cannot find -lpthreads
collect2: error: ld returned 1 exit status
make[1]: *** [CMakeFiles/cmTC_120d7.dir/build.make:87: cmTC_120d7] Error 1
make[1]: Leaving directory '/media/nvidia/ssdhome/nvidia/Github/DAVOS/library/DAVOS_SHM/CMakeFiles/CMakeTmp'
make: *** [Makefile:121: cmTC_120d7/fast] Error 2



